<?xml version="1.0" encoding="UTF-8"?>
<robot generator="Robot 6.1.1 (Python 3.8.0 on win32)" generated="20240417 18:30:27.620" rpa="false" schemaversion="4">
<suite id="s1" name="Tests" source="C:\Users\SyedIbadUrRehman\Desktop\hrm\hrm\tests">
<suite id="s1-s1" name="Admin" source="C:\Users\SyedIbadUrRehman\Desktop\hrm\hrm\tests\admin.robot">
<test id="s1-s1-t1" name="Add an admin into web" line="10">
<kw name="testsetup" type="SETUP">
<kw name="open default browser" library="globalkeyword">
<kw name="Open Browser" library="SeleniumLibrary">
<arg>${url}</arg>
<arg>${browser}</arg>
<doc>Opens a new browser instance to the optional ``url``.</doc>
<msg timestamp="20240417 18:30:27.887" level="INFO">Opening browser 'Chrome' to base url 'https://opensource-demo.orangehrmlive.com'.</msg>
<status status="PASS" starttime="20240417 18:30:27.886" endtime="20240417 18:30:32.607"/>
</kw>
<kw name="Set Window Size" library="SeleniumLibrary">
<arg>${width}</arg>
<arg>${height}</arg>
<doc>Sets current windows size to given ``width`` and ``height``.</doc>
<status status="PASS" starttime="20240417 18:30:32.607" endtime="20240417 18:30:32.771"/>
</kw>
<status status="PASS" starttime="20240417 18:30:27.886" endtime="20240417 18:30:32.771"/>
</kw>
<kw name="Generate Random String" library="String">
<var>${value}</var>
<arg>5</arg>
<arg>[LETTERS]</arg>
<doc>Generates a string with a desired ``length`` from the given ``chars``.</doc>
<msg timestamp="20240417 18:30:32.772" level="INFO">${value} = RkIEg</msg>
<status status="PASS" starttime="20240417 18:30:32.772" endtime="20240417 18:30:32.772"/>
</kw>
<kw name="Set Test Variable" library="BuiltIn">
<arg>${random}</arg>
<arg>${value}</arg>
<doc>Makes a variable available everywhere within the scope of the current test.</doc>
<msg timestamp="20240417 18:30:32.773" level="INFO">${random} = RkIEg</msg>
<status status="PASS" starttime="20240417 18:30:32.772" endtime="20240417 18:30:32.773"/>
</kw>
<status status="PASS" starttime="20240417 18:30:27.885" endtime="20240417 18:30:32.774"/>
</kw>
<kw name="Login with user" library="admin_keyword">
<kw name="wait and click fro element" library="globalkeyword">
<arg>//input[@placeholder='Username']</arg>
<kw name="Wait Until Element Is Visible" library="SeleniumLibrary">
<arg>${xpath}</arg>
<doc>Waits until the element ``locator`` is visible.</doc>
<status status="PASS" starttime="20240417 18:30:32.775" endtime="20240417 18:30:33.032"/>
</kw>
<kw name="Click Element" library="SeleniumLibrary">
<arg>${xpath}</arg>
<doc>Click the element identified by ``locator``.</doc>
<msg timestamp="20240417 18:30:33.033" level="INFO">Clicking element '//input[@placeholder='Username']'.</msg>
<status status="PASS" starttime="20240417 18:30:33.032" endtime="20240417 18:30:33.106"/>
</kw>
<status status="PASS" starttime="20240417 18:30:32.774" endtime="20240417 18:30:33.106"/>
</kw>
<kw name="Input Text" library="SeleniumLibrary">
<arg>//input[@placeholder='Username']</arg>
<arg>${username}</arg>
<doc>Types the given ``text`` into the text field identified by ``locator``.</doc>
<msg timestamp="20240417 18:30:33.107" level="INFO">Typing text 'Admin' into text field '//input[@placeholder='Username']'.</msg>
<status status="PASS" starttime="20240417 18:30:33.106" endtime="20240417 18:30:33.262"/>
</kw>
<kw name="wait and click fro element" library="globalkeyword">
<arg>//input[@placeholder='Password']</arg>
<kw name="Wait Until Element Is Visible" library="SeleniumLibrary">
<arg>${xpath}</arg>
<doc>Waits until the element ``locator`` is visible.</doc>
<status status="PASS" starttime="20240417 18:30:33.263" endtime="20240417 18:30:33.316"/>
</kw>
<kw name="Click Element" library="SeleniumLibrary">
<arg>${xpath}</arg>
<doc>Click the element identified by ``locator``.</doc>
<msg timestamp="20240417 18:30:33.317" level="INFO">Clicking element '//input[@placeholder='Password']'.</msg>
<status status="PASS" starttime="20240417 18:30:33.316" endtime="20240417 18:30:33.376"/>
</kw>
<status status="PASS" starttime="20240417 18:30:33.262" endtime="20240417 18:30:33.376"/>
</kw>
<kw name="Input Text" library="SeleniumLibrary">
<arg>//input[@placeholder='Password']</arg>
<arg>${password}</arg>
<doc>Types the given ``text`` into the text field identified by ``locator``.</doc>
<msg timestamp="20240417 18:30:33.377" level="INFO">Typing text 'admin123' into text field '//input[@placeholder='Password']'.</msg>
<status status="PASS" starttime="20240417 18:30:33.376" endtime="20240417 18:30:33.469"/>
</kw>
<kw name="wait and click fro element" library="globalkeyword">
<arg>//button[normalize-space()='Login']</arg>
<kw name="Wait Until Element Is Visible" library="SeleniumLibrary">
<arg>${xpath}</arg>
<doc>Waits until the element ``locator`` is visible.</doc>
<status status="PASS" starttime="20240417 18:30:33.470" endtime="20240417 18:30:33.512"/>
</kw>
<kw name="Click Element" library="SeleniumLibrary">
<arg>${xpath}</arg>
<doc>Click the element identified by ``locator``.</doc>
<msg timestamp="20240417 18:30:33.513" level="INFO">Clicking element '//button[normalize-space()='Login']'.</msg>
<status status="PASS" starttime="20240417 18:30:33.512" endtime="20240417 18:30:33.570"/>
</kw>
<status status="PASS" starttime="20240417 18:30:33.470" endtime="20240417 18:30:33.570"/>
</kw>
<status status="PASS" starttime="20240417 18:30:32.774" endtime="20240417 18:30:33.570"/>
</kw>
<kw name="Add an admin" library="admin_keyword">
<kw name="wait and click fro element" library="globalkeyword">
<arg>//span[normalize-space()='Admin']</arg>
<kw name="Wait Until Element Is Visible" library="SeleniumLibrary">
<arg>${xpath}</arg>
<doc>Waits until the element ``locator`` is visible.</doc>
<status status="PASS" starttime="20240417 18:30:33.571" endtime="20240417 18:30:35.066"/>
</kw>
<kw name="Click Element" library="SeleniumLibrary">
<arg>${xpath}</arg>
<doc>Click the element identified by ``locator``.</doc>
<msg timestamp="20240417 18:30:35.068" level="INFO">Clicking element '//span[normalize-space()='Admin']'.</msg>
<status status="PASS" starttime="20240417 18:30:35.067" endtime="20240417 18:30:36.801"/>
</kw>
<status status="PASS" starttime="20240417 18:30:33.571" endtime="20240417 18:30:36.801"/>
</kw>
<kw name="wait and click fro element" library="globalkeyword">
<arg>//button[normalize-space()='Add']</arg>
<kw name="Wait Until Element Is Visible" library="SeleniumLibrary">
<arg>${xpath}</arg>
<doc>Waits until the element ``locator`` is visible.</doc>
<status status="PASS" starttime="20240417 18:30:36.802" endtime="20240417 18:30:37.324"/>
</kw>
<kw name="Click Element" library="SeleniumLibrary">
<arg>${xpath}</arg>
<doc>Click the element identified by ``locator``.</doc>
<msg timestamp="20240417 18:30:37.325" level="INFO">Clicking element '//button[normalize-space()='Add']'.</msg>
<status status="PASS" starttime="20240417 18:30:37.324" endtime="20240417 18:30:37.794"/>
</kw>
<status status="PASS" starttime="20240417 18:30:36.801" endtime="20240417 18:30:37.794"/>
</kw>
<kw name="Sleep" library="BuiltIn">
<arg>2s</arg>
<doc>Pauses the test executed for the given time.</doc>
<msg timestamp="20240417 18:30:39.807" level="INFO">Slept 2 seconds</msg>
<status status="PASS" starttime="20240417 18:30:37.795" endtime="20240417 18:30:39.807"/>
</kw>
<kw name="wait and click fro element" library="globalkeyword">
<arg>//div[@class='oxd-select-text-input']</arg>
<kw name="Wait Until Element Is Visible" library="SeleniumLibrary">
<arg>${xpath}</arg>
<doc>Waits until the element ``locator`` is visible.</doc>
<status status="PASS" starttime="20240417 18:30:39.807" endtime="20240417 18:30:39.842"/>
</kw>
<kw name="Click Element" library="SeleniumLibrary">
<arg>${xpath}</arg>
<doc>Click the element identified by ``locator``.</doc>
<msg timestamp="20240417 18:30:39.843" level="INFO">Clicking element '//div[@class='oxd-select-text-input']'.</msg>
<status status="PASS" starttime="20240417 18:30:39.843" endtime="20240417 18:30:39.880"/>
</kw>
<status status="PASS" starttime="20240417 18:30:39.807" endtime="20240417 18:30:39.880"/>
</kw>
<kw name="Press Keys" library="SeleniumLibrary">
<arg>NONE</arg>
<arg>ARROW_DOWN</arg>
<doc>Simulates the user pressing key(s) to an element or on the active browser.</doc>
<msg timestamp="20240417 18:30:39.880" level="INFO">Sending key(s) ('ARROW_DOWN',) to page.</msg>
<msg timestamp="20240417 18:30:39.880" level="INFO">Pressing special key ARROW_DOWN to browser.</msg>
<msg timestamp="20240417 18:30:39.880" level="INFO">Releasing special key ARROW_DOWN.</msg>
<status status="PASS" starttime="20240417 18:30:39.880" endtime="20240417 18:30:39.887"/>
</kw>
<kw name="Press Keys" library="SeleniumLibrary">
<arg>NONE</arg>
<arg>ENTER</arg>
<doc>Simulates the user pressing key(s) to an element or on the active browser.</doc>
<msg timestamp="20240417 18:30:39.888" level="INFO">Sending key(s) ('ENTER',) to page.</msg>
<msg timestamp="20240417 18:30:39.888" level="INFO">Pressing special key ENTER to browser.</msg>
<msg timestamp="20240417 18:30:39.888" level="INFO">Releasing special key ENTER.</msg>
<status status="PASS" starttime="20240417 18:30:39.887" endtime="20240417 18:30:39.894"/>
</kw>
<kw name="Sleep" library="BuiltIn">
<arg>3s</arg>
<doc>Pauses the test executed for the given time.</doc>
<msg timestamp="20240417 18:30:42.902" level="INFO">Slept 3 seconds</msg>
<status status="PASS" starttime="20240417 18:30:39.894" endtime="20240417 18:30:42.902"/>
</kw>
<kw name="Input Text" library="SeleniumLibrary">
<arg>//input[@placeholder='Type for hints...']</arg>
<arg>A</arg>
<doc>Types the given ``text`` into the text field identified by ``locator``.</doc>
<msg timestamp="20240417 18:30:42.902" level="INFO">Typing text 'A' into text field '//input[@placeholder='Type for hints...']'.</msg>
<status status="PASS" starttime="20240417 18:30:42.902" endtime="20240417 18:30:42.976"/>
</kw>
<kw name="Sleep" library="BuiltIn">
<arg>3s</arg>
<doc>Pauses the test executed for the given time.</doc>
<msg timestamp="20240417 18:30:45.981" level="INFO">Slept 3 seconds</msg>
<status status="PASS" starttime="20240417 18:30:42.976" endtime="20240417 18:30:45.981"/>
</kw>
<kw name="Press Keys" library="SeleniumLibrary">
<arg>NONE</arg>
<arg>ARROW_DOWN</arg>
<doc>Simulates the user pressing key(s) to an element or on the active browser.</doc>
<msg timestamp="20240417 18:30:45.982" level="INFO">Sending key(s) ('ARROW_DOWN',) to page.</msg>
<msg timestamp="20240417 18:30:45.982" level="INFO">Pressing special key ARROW_DOWN to browser.</msg>
<msg timestamp="20240417 18:30:45.982" level="INFO">Releasing special key ARROW_DOWN.</msg>
<status status="PASS" starttime="20240417 18:30:45.982" endtime="20240417 18:30:45.990"/>
</kw>
<kw name="Press Keys" library="SeleniumLibrary">
<arg>NONE</arg>
<arg>ENTER</arg>
<doc>Simulates the user pressing key(s) to an element or on the active browser.</doc>
<msg timestamp="20240417 18:30:45.991" level="INFO">Sending key(s) ('ENTER',) to page.</msg>
<msg timestamp="20240417 18:30:45.991" level="INFO">Pressing special key ENTER to browser.</msg>
<msg timestamp="20240417 18:30:45.991" level="INFO">Releasing special key ENTER.</msg>
<status status="PASS" starttime="20240417 18:30:45.990" endtime="20240417 18:30:45.999"/>
</kw>
<kw name="wait and click fro element" library="globalkeyword">
<arg>//body[1]/div[1]/div[1]/div[2]/div[2]/div[1]/div[1]/form[1]/div[1]/div[1]/div[3]/div[1]/div[2]/div[1]/div[1]/div[2]/i[1]</arg>
<kw name="Wait Until Element Is Visible" library="SeleniumLibrary">
<arg>${xpath}</arg>
<doc>Waits until the element ``locator`` is visible.</doc>
<status status="PASS" starttime="20240417 18:30:45.999" endtime="20240417 18:30:46.027"/>
</kw>
<kw name="Click Element" library="SeleniumLibrary">
<arg>${xpath}</arg>
<doc>Click the element identified by ``locator``.</doc>
<msg timestamp="20240417 18:30:46.028" level="INFO">Clicking element '//body[1]/div[1]/div[1]/div[2]/div[2]/div[1]/div[1]/form[1]/div[1]/div[1]/div[3]/div[1]/div[2]/div[1]/div[1]/div[2]/i[1]'.</msg>
<status status="PASS" starttime="20240417 18:30:46.028" endtime="20240417 18:30:46.069"/>
</kw>
<status status="PASS" starttime="20240417 18:30:45.999" endtime="20240417 18:30:46.069"/>
</kw>
<kw name="Press Keys" library="SeleniumLibrary">
<arg>NONE</arg>
<arg>ARROW_DOWN</arg>
<doc>Simulates the user pressing key(s) to an element or on the active browser.</doc>
<msg timestamp="20240417 18:30:46.069" level="INFO">Sending key(s) ('ARROW_DOWN',) to page.</msg>
<msg timestamp="20240417 18:30:46.070" level="INFO">Pressing special key ARROW_DOWN to browser.</msg>
<msg timestamp="20240417 18:30:46.070" level="INFO">Releasing special key ARROW_DOWN.</msg>
<status status="PASS" starttime="20240417 18:30:46.069" endtime="20240417 18:30:46.078"/>
</kw>
<kw name="Press Keys" library="SeleniumLibrary">
<arg>NONE</arg>
<arg>ENTER</arg>
<doc>Simulates the user pressing key(s) to an element or on the active browser.</doc>
<msg timestamp="20240417 18:30:46.078" level="INFO">Sending key(s) ('ENTER',) to page.</msg>
<msg timestamp="20240417 18:30:46.078" level="INFO">Pressing special key ENTER to browser.</msg>
<msg timestamp="20240417 18:30:46.078" level="INFO">Releasing special key ENTER.</msg>
<status status="PASS" starttime="20240417 18:30:46.078" endtime="20240417 18:30:46.085"/>
</kw>
<kw name="wait and click fro element" library="globalkeyword">
<arg>//body[1]/div[1]/div[1]/div[2]/div[2]/div[1]/div[1]/form[1]/div[1]/div[1]/div[4]/div[1]/div[2]/input[1]</arg>
<kw name="Wait Until Element Is Visible" library="SeleniumLibrary">
<arg>${xpath}</arg>
<doc>Waits until the element ``locator`` is visible.</doc>
<status status="PASS" starttime="20240417 18:30:46.086" endtime="20240417 18:30:46.109"/>
</kw>
<kw name="Click Element" library="SeleniumLibrary">
<arg>${xpath}</arg>
<doc>Click the element identified by ``locator``.</doc>
<msg timestamp="20240417 18:30:46.110" level="INFO">Clicking element '//body[1]/div[1]/div[1]/div[2]/div[2]/div[1]/div[1]/form[1]/div[1]/div[1]/div[4]/div[1]/div[2]/input[1]'.</msg>
<status status="PASS" starttime="20240417 18:30:46.110" endtime="20240417 18:30:46.158"/>
</kw>
<status status="PASS" starttime="20240417 18:30:46.085" endtime="20240417 18:30:46.158"/>
</kw>
<kw name="Input Text" library="SeleniumLibrary">
<arg>//body[1]/div[1]/div[1]/div[2]/div[2]/div[1]/div[1]/form[1]/div[1]/div[1]/div[4]/div[1]/div[2]/input[1]</arg>
<arg>${random}</arg>
<doc>Types the given ``text`` into the text field identified by ``locator``.</doc>
<msg timestamp="20240417 18:30:46.158" level="INFO">Typing text 'RkIEg' into text field '//body[1]/div[1]/div[1]/div[2]/div[2]/div[1]/div[1]/form[1]/div[1]/div[1]/div[4]/div[1]/div[2]/input[1]'.</msg>
<status status="PASS" starttime="20240417 18:30:46.158" endtime="20240417 18:30:46.249"/>
</kw>
<kw name="Input Text" library="SeleniumLibrary">
<arg>//body[1]/div[1]/div[1]/div[2]/div[2]/div[1]/div[1]/form[1]/div[2]/div[1]/div[1]/div[1]/div[2]/input[1]</arg>
<arg>ibad1234</arg>
<doc>Types the given ``text`` into the text field identified by ``locator``.</doc>
<msg timestamp="20240417 18:30:46.250" level="INFO">Typing text 'ibad1234' into text field '//body[1]/div[1]/div[1]/div[2]/div[2]/div[1]/div[1]/form[1]/div[2]/div[1]/div[1]/div[1]/div[2]/input[1]'.</msg>
<status status="PASS" starttime="20240417 18:30:46.249" endtime="20240417 18:30:46.380"/>
</kw>
<kw name="Input Text" library="SeleniumLibrary">
<arg>//body[1]/div[1]/div[1]/div[2]/div[2]/div[1]/div[1]/form[1]/div[2]/div[1]/div[2]/div[1]/div[2]/input[1]</arg>
<arg>ibad1234</arg>
<doc>Types the given ``text`` into the text field identified by ``locator``.</doc>
<msg timestamp="20240417 18:30:46.381" level="INFO">Typing text 'ibad1234' into text field '//body[1]/div[1]/div[1]/div[2]/div[2]/div[1]/div[1]/form[1]/div[2]/div[1]/div[2]/div[1]/div[2]/input[1]'.</msg>
<status status="PASS" starttime="20240417 18:30:46.380" endtime="20240417 18:30:46.518"/>
</kw>
<kw name="wait and click fro element" library="globalkeyword">
<arg>//button[normalize-space()='Save']</arg>
<kw name="Wait Until Element Is Visible" library="SeleniumLibrary">
<arg>${xpath}</arg>
<doc>Waits until the element ``locator`` is visible.</doc>
<status status="PASS" starttime="20240417 18:30:46.518" endtime="20240417 18:30:46.543"/>
</kw>
<kw name="Click Element" library="SeleniumLibrary">
<arg>${xpath}</arg>
<doc>Click the element identified by ``locator``.</doc>
<msg timestamp="20240417 18:30:46.543" level="INFO">Clicking element '//button[normalize-space()='Save']'.</msg>
<status status="PASS" starttime="20240417 18:30:46.543" endtime="20240417 18:30:46.573"/>
</kw>
<status status="PASS" starttime="20240417 18:30:46.518" endtime="20240417 18:30:46.573"/>
</kw>
<kw name="Sleep" library="BuiltIn">
<arg>5s</arg>
<doc>Pauses the test executed for the given time.</doc>
<msg timestamp="20240417 18:30:51.583" level="INFO">Slept 5 seconds</msg>
<status status="PASS" starttime="20240417 18:30:46.574" endtime="20240417 18:30:51.583"/>
</kw>
<status status="PASS" starttime="20240417 18:30:33.570" endtime="20240417 18:30:51.583"/>
</kw>
<kw name="Validate user added Sucessfully" library="admin_keyword">
<arg>${random}</arg>
<kw name="Sleep" library="BuiltIn">
<arg>5s</arg>
<doc>Pauses the test executed for the given time.</doc>
<msg timestamp="20240417 18:30:56.599" level="INFO">Slept 5 seconds</msg>
<status status="PASS" starttime="20240417 18:30:51.586" endtime="20240417 18:30:56.599"/>
</kw>
<kw name="wait and click fro element" library="globalkeyword">
<arg>//span[normalize-space()='Admin']</arg>
<kw name="Wait Until Element Is Visible" library="SeleniumLibrary">
<arg>${xpath}</arg>
<doc>Waits until the element ``locator`` is visible.</doc>
<status status="PASS" starttime="20240417 18:30:56.600" endtime="20240417 18:30:56.639"/>
</kw>
<kw name="Click Element" library="SeleniumLibrary">
<arg>${xpath}</arg>
<doc>Click the element identified by ``locator``.</doc>
<msg timestamp="20240417 18:30:56.640" level="INFO">Clicking element '//span[normalize-space()='Admin']'.</msg>
<status status="PASS" starttime="20240417 18:30:56.639" endtime="20240417 18:30:57.610"/>
</kw>
<status status="PASS" starttime="20240417 18:30:56.599" endtime="20240417 18:30:57.610"/>
</kw>
<kw name="wait and click fro element" library="globalkeyword">
<arg>//body[1]/div[1]/div[1]/div[2]/div[2]/div[1]/div[1]/div[2]/form[1]/div[1]/div[1]/div[1]/div[1]/div[2]/input[1]</arg>
<kw name="Wait Until Element Is Visible" library="SeleniumLibrary">
<arg>${xpath}</arg>
<doc>Waits until the element ``locator`` is visible.</doc>
<status status="PASS" starttime="20240417 18:30:57.611" endtime="20240417 18:30:58.086"/>
</kw>
<kw name="Click Element" library="SeleniumLibrary">
<arg>${xpath}</arg>
<doc>Click the element identified by ``locator``.</doc>
<msg timestamp="20240417 18:30:58.087" level="INFO">Clicking element '//body[1]/div[1]/div[1]/div[2]/div[2]/div[1]/div[1]/div[2]/form[1]/div[1]/div[1]/div[1]/div[1]/div[2]/input[1]'.</msg>
<status status="PASS" starttime="20240417 18:30:58.086" endtime="20240417 18:30:58.140"/>
</kw>
<status status="PASS" starttime="20240417 18:30:57.611" endtime="20240417 18:30:58.140"/>
</kw>
<kw name="Input Text" library="SeleniumLibrary">
<arg>//body[1]/div[1]/div[1]/div[2]/div[2]/div[1]/div[1]/div[2]/form[1]/div[1]/div[1]/div[1]/div[1]/div[2]/input[1]</arg>
<arg>${user}</arg>
<doc>Types the given ``text`` into the text field identified by ``locator``.</doc>
<msg timestamp="20240417 18:30:58.141" level="INFO">Typing text 'RkIEg' into text field '//body[1]/div[1]/div[1]/div[2]/div[2]/div[1]/div[1]/div[2]/form[1]/div[1]/div[1]/div[1]/div[1]/div[2]/input[1]'.</msg>
<status status="PASS" starttime="20240417 18:30:58.140" endtime="20240417 18:30:58.212"/>
</kw>
<kw name="wait and click fro element" library="globalkeyword">
<arg>//button[normalize-space()='Search']</arg>
<kw name="Wait Until Element Is Visible" library="SeleniumLibrary">
<arg>${xpath}</arg>
<doc>Waits until the element ``locator`` is visible.</doc>
<status status="PASS" starttime="20240417 18:30:58.213" endtime="20240417 18:30:58.239"/>
</kw>
<kw name="Click Element" library="SeleniumLibrary">
<arg>${xpath}</arg>
<doc>Click the element identified by ``locator``.</doc>
<msg timestamp="20240417 18:30:58.240" level="INFO">Clicking element '//button[normalize-space()='Search']'.</msg>
<status status="PASS" starttime="20240417 18:30:58.239" endtime="20240417 18:30:58.287"/>
</kw>
<status status="PASS" starttime="20240417 18:30:58.212" endtime="20240417 18:30:58.287"/>
</kw>
<kw name="Sleep" library="BuiltIn">
<arg>5s</arg>
<doc>Pauses the test executed for the given time.</doc>
<msg timestamp="20240417 18:31:03.302" level="INFO">Slept 5 seconds</msg>
<status status="PASS" starttime="20240417 18:30:58.287" endtime="20240417 18:31:03.302"/>
</kw>
<kw name="Get Text" library="SeleniumLibrary">
<var>${value}</var>
<arg>//div[contains(text(),'${user}')]</arg>
<doc>Returns the text value of the element identified by ``locator``.</doc>
<msg timestamp="20240417 18:31:03.351" level="INFO">${value} = RkIEg</msg>
<status status="PASS" starttime="20240417 18:31:03.302" endtime="20240417 18:31:03.351"/>
</kw>
<kw name="Should Be Equal" library="BuiltIn">
<arg>${value}</arg>
<arg>${random}</arg>
<doc>Fails if the given objects are unequal.</doc>
<status status="PASS" starttime="20240417 18:31:03.351" endtime="20240417 18:31:03.352"/>
</kw>
<status status="PASS" starttime="20240417 18:30:51.583" endtime="20240417 18:31:03.352"/>
</kw>
<tag>admin</tag>
<status status="PASS" starttime="20240417 18:30:27.885" endtime="20240417 18:31:03.352"/>
</test>
<test id="s1-s1-t2" name="Add an admin" line="17">
<kw name="testsetup" type="SETUP">
<kw name="open default browser" library="globalkeyword">
<kw name="Open Browser" library="SeleniumLibrary">
<arg>${url}</arg>
<arg>${browser}</arg>
<doc>Opens a new browser instance to the optional ``url``.</doc>
<msg timestamp="20240417 18:31:03.355" level="INFO">Opening browser 'Chrome' to base url 'https://opensource-demo.orangehrmlive.com'.</msg>
<status status="PASS" starttime="20240417 18:31:03.355" endtime="20240417 18:31:07.501"/>
</kw>
<kw name="Set Window Size" library="SeleniumLibrary">
<arg>${width}</arg>
<arg>${height}</arg>
<doc>Sets current windows size to given ``width`` and ``height``.</doc>
<status status="PASS" starttime="20240417 18:31:07.501" endtime="20240417 18:31:07.625"/>
</kw>
<status status="PASS" starttime="20240417 18:31:03.354" endtime="20240417 18:31:07.625"/>
</kw>
<kw name="Generate Random String" library="String">
<var>${value}</var>
<arg>5</arg>
<arg>[LETTERS]</arg>
<doc>Generates a string with a desired ``length`` from the given ``chars``.</doc>
<msg timestamp="20240417 18:31:07.626" level="INFO">${value} = SPDgS</msg>
<status status="PASS" starttime="20240417 18:31:07.625" endtime="20240417 18:31:07.626"/>
</kw>
<kw name="Set Test Variable" library="BuiltIn">
<arg>${random}</arg>
<arg>${value}</arg>
<doc>Makes a variable available everywhere within the scope of the current test.</doc>
<msg timestamp="20240417 18:31:07.627" level="INFO">${random} = SPDgS</msg>
<status status="PASS" starttime="20240417 18:31:07.626" endtime="20240417 18:31:07.627"/>
</kw>
<status status="PASS" starttime="20240417 18:31:03.354" endtime="20240417 18:31:07.627"/>
</kw>
<kw name="Login with user" library="admin_keyword">
<kw name="wait and click fro element" library="globalkeyword">
<arg>//input[@placeholder='Username']</arg>
<kw name="Wait Until Element Is Visible" library="SeleniumLibrary">
<arg>${xpath}</arg>
<doc>Waits until the element ``locator`` is visible.</doc>
<status status="PASS" starttime="20240417 18:31:07.628" endtime="20240417 18:31:07.887"/>
</kw>
<kw name="Click Element" library="SeleniumLibrary">
<arg>${xpath}</arg>
<doc>Click the element identified by ``locator``.</doc>
<msg timestamp="20240417 18:31:07.888" level="INFO">Clicking element '//input[@placeholder='Username']'.</msg>
<status status="PASS" starttime="20240417 18:31:07.887" endtime="20240417 18:31:07.939"/>
</kw>
<status status="PASS" starttime="20240417 18:31:07.628" endtime="20240417 18:31:07.939"/>
</kw>
<kw name="Input Text" library="SeleniumLibrary">
<arg>//input[@placeholder='Username']</arg>
<arg>${username}</arg>
<doc>Types the given ``text`` into the text field identified by ``locator``.</doc>
<msg timestamp="20240417 18:31:07.940" level="INFO">Typing text 'Admin' into text field '//input[@placeholder='Username']'.</msg>
<status status="PASS" starttime="20240417 18:31:07.939" endtime="20240417 18:31:08.037"/>
</kw>
<kw name="wait and click fro element" library="globalkeyword">
<arg>//input[@placeholder='Password']</arg>
<kw name="Wait Until Element Is Visible" library="SeleniumLibrary">
<arg>${xpath}</arg>
<doc>Waits until the element ``locator`` is visible.</doc>
<status status="PASS" starttime="20240417 18:31:08.038" endtime="20240417 18:31:08.077"/>
</kw>
<kw name="Click Element" library="SeleniumLibrary">
<arg>${xpath}</arg>
<doc>Click the element identified by ``locator``.</doc>
<msg timestamp="20240417 18:31:08.078" level="INFO">Clicking element '//input[@placeholder='Password']'.</msg>
<status status="PASS" starttime="20240417 18:31:08.077" endtime="20240417 18:31:08.131"/>
</kw>
<status status="PASS" starttime="20240417 18:31:08.037" endtime="20240417 18:31:08.131"/>
</kw>
<kw name="Input Text" library="SeleniumLibrary">
<arg>//input[@placeholder='Password']</arg>
<arg>${password}</arg>
<doc>Types the given ``text`` into the text field identified by ``locator``.</doc>
<msg timestamp="20240417 18:31:08.132" level="INFO">Typing text 'admin123' into text field '//input[@placeholder='Password']'.</msg>
<status status="PASS" starttime="20240417 18:31:08.131" endtime="20240417 18:31:08.206"/>
</kw>
<kw name="wait and click fro element" library="globalkeyword">
<arg>//button[normalize-space()='Login']</arg>
<kw name="Wait Until Element Is Visible" library="SeleniumLibrary">
<arg>${xpath}</arg>
<doc>Waits until the element ``locator`` is visible.</doc>
<status status="PASS" starttime="20240417 18:31:08.208" endtime="20240417 18:31:08.225"/>
</kw>
<kw name="Click Element" library="SeleniumLibrary">
<arg>${xpath}</arg>
<doc>Click the element identified by ``locator``.</doc>
<msg timestamp="20240417 18:31:08.226" level="INFO">Clicking element '//button[normalize-space()='Login']'.</msg>
<status status="PASS" starttime="20240417 18:31:08.226" endtime="20240417 18:31:08.282"/>
</kw>
<status status="PASS" starttime="20240417 18:31:08.207" endtime="20240417 18:31:08.282"/>
</kw>
<status status="PASS" starttime="20240417 18:31:07.627" endtime="20240417 18:31:08.283"/>
</kw>
<kw name="Add an admin" library="admin_keyword">
<kw name="wait and click fro element" library="globalkeyword">
<arg>//span[normalize-space()='Admin']</arg>
<kw name="Wait Until Element Is Visible" library="SeleniumLibrary">
<arg>${xpath}</arg>
<doc>Waits until the element ``locator`` is visible.</doc>
<status status="PASS" starttime="20240417 18:31:08.284" endtime="20240417 18:31:09.859"/>
</kw>
<kw name="Click Element" library="SeleniumLibrary">
<arg>${xpath}</arg>
<doc>Click the element identified by ``locator``.</doc>
<msg timestamp="20240417 18:31:09.860" level="INFO">Clicking element '//span[normalize-space()='Admin']'.</msg>
<status status="PASS" starttime="20240417 18:31:09.859" endtime="20240417 18:31:10.107"/>
</kw>
<status status="PASS" starttime="20240417 18:31:08.283" endtime="20240417 18:31:10.107"/>
</kw>
<kw name="wait and click fro element" library="globalkeyword">
<arg>//button[normalize-space()='Add']</arg>
<kw name="Wait Until Element Is Visible" library="SeleniumLibrary">
<arg>${xpath}</arg>
<doc>Waits until the element ``locator`` is visible.</doc>
<msg timestamp="20240417 18:31:15.356" level="INFO" html="true">&lt;/td&gt;&lt;/tr&gt;&lt;tr&gt;&lt;td colspan="3"&gt;&lt;a href="selenium-screenshot-1.png"&gt;&lt;img src="selenium-screenshot-1.png" width="800px"&gt;&lt;/a&gt;</msg>
<msg timestamp="20240417 18:31:15.356" level="FAIL">Element '//button[normalize-space()='Add']' not visible after 5 seconds.</msg>
<status status="FAIL" starttime="20240417 18:31:10.110" endtime="20240417 18:31:15.358"/>
</kw>
<kw name="Click Element" library="SeleniumLibrary">
<arg>${xpath}</arg>
<doc>Click the element identified by ``locator``.</doc>
<status status="NOT RUN" starttime="20240417 18:31:15.358" endtime="20240417 18:31:15.358"/>
</kw>
<status status="FAIL" starttime="20240417 18:31:10.109" endtime="20240417 18:31:15.358"/>
</kw>
<kw name="Sleep" library="BuiltIn">
<arg>2s</arg>
<doc>Pauses the test executed for the given time.</doc>
<status status="NOT RUN" starttime="20240417 18:31:15.358" endtime="20240417 18:31:15.358"/>
</kw>
<kw name="wait and click fro element" library="globalkeyword">
<arg>//div[@class='oxd-select-text-input']</arg>
<status status="NOT RUN" starttime="20240417 18:31:15.358" endtime="20240417 18:31:15.358"/>
</kw>
<kw name="Press Keys" library="SeleniumLibrary">
<arg>NONE</arg>
<arg>ARROW_DOWN</arg>
<doc>Simulates the user pressing key(s) to an element or on the active browser.</doc>
<status status="NOT RUN" starttime="20240417 18:31:15.358" endtime="20240417 18:31:15.358"/>
</kw>
<kw name="Press Keys" library="SeleniumLibrary">
<arg>NONE</arg>
<arg>ENTER</arg>
<doc>Simulates the user pressing key(s) to an element or on the active browser.</doc>
<status status="NOT RUN" starttime="20240417 18:31:15.358" endtime="20240417 18:31:15.358"/>
</kw>
<kw name="Sleep" library="BuiltIn">
<arg>3s</arg>
<doc>Pauses the test executed for the given time.</doc>
<status status="NOT RUN" starttime="20240417 18:31:15.358" endtime="20240417 18:31:15.358"/>
</kw>
<kw name="Input Text" library="SeleniumLibrary">
<arg>//input[@placeholder='Type for hints...']</arg>
<arg>A</arg>
<doc>Types the given ``text`` into the text field identified by ``locator``.</doc>
<status status="NOT RUN" starttime="20240417 18:31:15.358" endtime="20240417 18:31:15.358"/>
</kw>
<kw name="Sleep" library="BuiltIn">
<arg>3s</arg>
<doc>Pauses the test executed for the given time.</doc>
<status status="NOT RUN" starttime="20240417 18:31:15.358" endtime="20240417 18:31:15.358"/>
</kw>
<kw name="Press Keys" library="SeleniumLibrary">
<arg>NONE</arg>
<arg>ARROW_DOWN</arg>
<doc>Simulates the user pressing key(s) to an element or on the active browser.</doc>
<status status="NOT RUN" starttime="20240417 18:31:15.358" endtime="20240417 18:31:15.359"/>
</kw>
<kw name="Press Keys" library="SeleniumLibrary">
<arg>NONE</arg>
<arg>ENTER</arg>
<doc>Simulates the user pressing key(s) to an element or on the active browser.</doc>
<status status="NOT RUN" starttime="20240417 18:31:15.360" endtime="20240417 18:31:15.360"/>
</kw>
<kw name="wait and click fro element" library="globalkeyword">
<arg>//body[1]/div[1]/div[1]/div[2]/div[2]/div[1]/div[1]/form[1]/div[1]/div[1]/div[3]/div[1]/div[2]/div[1]/div[1]/div[2]/i[1]</arg>
<status status="NOT RUN" starttime="20240417 18:31:15.360" endtime="20240417 18:31:15.360"/>
</kw>
<kw name="Press Keys" library="SeleniumLibrary">
<arg>NONE</arg>
<arg>ARROW_DOWN</arg>
<doc>Simulates the user pressing key(s) to an element or on the active browser.</doc>
<status status="NOT RUN" starttime="20240417 18:31:15.360" endtime="20240417 18:31:15.360"/>
</kw>
<kw name="Press Keys" library="SeleniumLibrary">
<arg>NONE</arg>
<arg>ENTER</arg>
<doc>Simulates the user pressing key(s) to an element or on the active browser.</doc>
<status status="NOT RUN" starttime="20240417 18:31:15.360" endtime="20240417 18:31:15.360"/>
</kw>
<kw name="wait and click fro element" library="globalkeyword">
<arg>//body[1]/div[1]/div[1]/div[2]/div[2]/div[1]/div[1]/form[1]/div[1]/div[1]/div[4]/div[1]/div[2]/input[1]</arg>
<status status="NOT RUN" starttime="20240417 18:31:15.360" endtime="20240417 18:31:15.360"/>
</kw>
<kw name="Input Text" library="SeleniumLibrary">
<arg>//body[1]/div[1]/div[1]/div[2]/div[2]/div[1]/div[1]/form[1]/div[1]/div[1]/div[4]/div[1]/div[2]/input[1]</arg>
<arg>${random}</arg>
<doc>Types the given ``text`` into the text field identified by ``locator``.</doc>
<status status="NOT RUN" starttime="20240417 18:31:15.360" endtime="20240417 18:31:15.360"/>
</kw>
<kw name="Input Text" library="SeleniumLibrary">
<arg>//body[1]/div[1]/div[1]/div[2]/div[2]/div[1]/div[1]/form[1]/div[2]/div[1]/div[1]/div[1]/div[2]/input[1]</arg>
<arg>ibad1234</arg>
<doc>Types the given ``text`` into the text field identified by ``locator``.</doc>
<status status="NOT RUN" starttime="20240417 18:31:15.360" endtime="20240417 18:31:15.360"/>
</kw>
<kw name="Input Text" library="SeleniumLibrary">
<arg>//body[1]/div[1]/div[1]/div[2]/div[2]/div[1]/div[1]/form[1]/div[2]/div[1]/div[2]/div[1]/div[2]/input[1]</arg>
<arg>ibad1234</arg>
<doc>Types the given ``text`` into the text field identified by ``locator``.</doc>
<status status="NOT RUN" starttime="20240417 18:31:15.360" endtime="20240417 18:31:15.360"/>
</kw>
<kw name="wait and click fro element" library="globalkeyword">
<arg>//button[normalize-space()='Save']</arg>
<status status="NOT RUN" starttime="20240417 18:31:15.360" endtime="20240417 18:31:15.360"/>
</kw>
<kw name="Sleep" library="BuiltIn">
<arg>5s</arg>
<doc>Pauses the test executed for the given time.</doc>
<status status="NOT RUN" starttime="20240417 18:31:15.360" endtime="20240417 18:31:15.360"/>
</kw>
<status status="FAIL" starttime="20240417 18:31:08.283" endtime="20240417 18:31:15.360"/>
</kw>
<kw name="Validate user added Sucessfully" library="admin_keyword">
<arg>${random}</arg>
<status status="NOT RUN" starttime="20240417 18:31:15.360" endtime="20240417 18:31:15.360"/>
</kw>
<tag>admin</tag>
<status status="FAIL" starttime="20240417 18:31:03.353" endtime="20240417 18:31:15.360">Element '//button[normalize-space()='Add']' not visible after 5 seconds.</status>
</test>
<status status="FAIL" starttime="20240417 18:30:27.645" endtime="20240417 18:31:15.361"/>
</suite>
<status status="FAIL" starttime="20240417 18:30:27.622" endtime="20240417 18:31:15.361"/>
</suite>
<statistics>
<total>
<stat pass="1" fail="1" skip="0">All Tests</stat>
</total>
<tag>
<stat pass="1" fail="1" skip="0">admin</stat>
</tag>
<suite>
<stat pass="1" fail="1" skip="0" id="s1" name="Tests">Tests</stat>
<stat pass="1" fail="1" skip="0" id="s1-s1" name="Admin">Tests.Admin</stat>
</suite>
</statistics>
<errors>
<msg timestamp="20240417 18:30:27.651" level="ERROR">Error in file 'C:\Users\SyedIbadUrRehman\Desktop\hrm\hrm\tests\admin.robot' on line 5: Setting 'Test Setup' is not allowed in resource file.</msg>
<msg timestamp="20240417 18:30:27.651" level="ERROR">Error in file 'C:\Users\SyedIbadUrRehman\Desktop\hrm\hrm\init.robot' on line 4: Error in file 'C:\Users\SyedIbadUrRehman\Desktop\hrm\hrm\tests\admin.robot' on line 7: Resource file with 'Test Cases' section is invalid.</msg>
</errors>
</robot>
