<?xml version="1.0" encoding="UTF-8"?>
<robot generator="Robot 6.1.1 (Python 3.8.0 on win32)" generated="20240417 17:02:12.771" rpa="false" schemaversion="4">
<suite id="s1" name="Tests" source="C:\Users\SyedIbadUrRehman\Desktop\hrm\hrm\tests">
<suite id="s1-s1" name="Admin" source="C:\Users\SyedIbadUrRehman\Desktop\hrm\hrm\tests\admin.robot">
<test id="s1-s1-t1" name="Add an admin into web" line="10">
<kw name="testsetup" type="SETUP">
<kw name="open default browser" library="globalkeyword">
<kw name="Open Browser" library="SeleniumLibrary">
<arg>${url}</arg>
<arg>${browser}</arg>
<doc>Opens a new browser instance to the optional ``url``.</doc>
<msg timestamp="20240417 17:02:12.980" level="INFO">Opening browser 'Chrome' to base url 'https://opensource-demo.orangehrmlive.com'.</msg>
<status status="PASS" starttime="20240417 17:02:12.980" endtime="20240417 17:02:17.338"/>
</kw>
<kw name="Set Window Size" library="SeleniumLibrary">
<arg>${width}</arg>
<arg>${height}</arg>
<doc>Sets current windows size to given ``width`` and ``height``.</doc>
<status status="PASS" starttime="20240417 17:02:17.338" endtime="20240417 17:02:17.461"/>
</kw>
<status status="PASS" starttime="20240417 17:02:12.979" endtime="20240417 17:02:17.461"/>
</kw>
<kw name="Generate Random String" library="String">
<var>${value}</var>
<arg>5</arg>
<arg>[LETTERS]</arg>
<doc>Generates a string with a desired ``length`` from the given ``chars``.</doc>
<msg timestamp="20240417 17:02:17.462" level="INFO">${value} = uOsRe</msg>
<status status="PASS" starttime="20240417 17:02:17.461" endtime="20240417 17:02:17.462"/>
</kw>
<kw name="Set Test Variable" library="BuiltIn">
<arg>${random}</arg>
<arg>${value}</arg>
<doc>Makes a variable available everywhere within the scope of the current test.</doc>
<msg timestamp="20240417 17:02:17.463" level="INFO">${random} = uOsRe</msg>
<status status="PASS" starttime="20240417 17:02:17.462" endtime="20240417 17:02:17.463"/>
</kw>
<status status="PASS" starttime="20240417 17:02:12.979" endtime="20240417 17:02:17.463"/>
</kw>
<kw name="Login with user" library="admin_keyword">
<kw name="wait and click fro element" library="globalkeyword">
<arg>//input[@placeholder='Username']</arg>
<kw name="Wait Until Element Is Visible" library="SeleniumLibrary">
<arg>${xpath}</arg>
<doc>Waits until the element ``locator`` is visible.</doc>
<status status="PASS" starttime="20240417 17:02:17.464" endtime="20240417 17:02:17.731"/>
</kw>
<kw name="Click Element" library="SeleniumLibrary">
<arg>${xpath}</arg>
<doc>Click the element identified by ``locator``.</doc>
<msg timestamp="20240417 17:02:17.732" level="INFO">Clicking element '//input[@placeholder='Username']'.</msg>
<status status="PASS" starttime="20240417 17:02:17.731" endtime="20240417 17:02:17.790"/>
</kw>
<status status="PASS" starttime="20240417 17:02:17.464" endtime="20240417 17:02:17.790"/>
</kw>
<kw name="Input Text" library="SeleniumLibrary">
<arg>//input[@placeholder='Username']</arg>
<arg>${username}</arg>
<doc>Types the given ``text`` into the text field identified by ``locator``.</doc>
<msg timestamp="20240417 17:02:17.791" level="INFO">Typing text 'Admin' into text field '//input[@placeholder='Username']'.</msg>
<status status="PASS" starttime="20240417 17:02:17.790" endtime="20240417 17:02:17.859"/>
</kw>
<kw name="wait and click fro element" library="globalkeyword">
<arg>//input[@placeholder='Password']</arg>
<kw name="Wait Until Element Is Visible" library="SeleniumLibrary">
<arg>${xpath}</arg>
<doc>Waits until the element ``locator`` is visible.</doc>
<status status="PASS" starttime="20240417 17:02:17.860" endtime="20240417 17:02:17.884"/>
</kw>
<kw name="Click Element" library="SeleniumLibrary">
<arg>${xpath}</arg>
<doc>Click the element identified by ``locator``.</doc>
<msg timestamp="20240417 17:02:17.885" level="INFO">Clicking element '//input[@placeholder='Password']'.</msg>
<status status="PASS" starttime="20240417 17:02:17.885" endtime="20240417 17:02:17.934"/>
</kw>
<status status="PASS" starttime="20240417 17:02:17.859" endtime="20240417 17:02:17.934"/>
</kw>
<kw name="Input Text" library="SeleniumLibrary">
<arg>//input[@placeholder='Password']</arg>
<arg>${password}</arg>
<doc>Types the given ``text`` into the text field identified by ``locator``.</doc>
<msg timestamp="20240417 17:02:17.935" level="INFO">Typing text 'admin123' into text field '//input[@placeholder='Password']'.</msg>
<status status="PASS" starttime="20240417 17:02:17.934" endtime="20240417 17:02:18.026"/>
</kw>
<kw name="wait and click fro element" library="globalkeyword">
<arg>//button[normalize-space()='Login']</arg>
<kw name="Wait Until Element Is Visible" library="SeleniumLibrary">
<arg>${xpath}</arg>
<doc>Waits until the element ``locator`` is visible.</doc>
<status status="PASS" starttime="20240417 17:02:18.026" endtime="20240417 17:02:18.045"/>
</kw>
<kw name="Click Element" library="SeleniumLibrary">
<arg>${xpath}</arg>
<doc>Click the element identified by ``locator``.</doc>
<msg timestamp="20240417 17:02:18.045" level="INFO">Clicking element '//button[normalize-space()='Login']'.</msg>
<status status="PASS" starttime="20240417 17:02:18.045" endtime="20240417 17:02:19.106"/>
</kw>
<status status="PASS" starttime="20240417 17:02:18.026" endtime="20240417 17:02:19.106"/>
</kw>
<status status="PASS" starttime="20240417 17:02:17.463" endtime="20240417 17:02:19.106"/>
</kw>
<kw name="Add an admin" library="admin_keyword">
<kw name="wait and click fro element" library="globalkeyword">
<arg>//span[normalize-space()='Admin']</arg>
<kw name="Wait Until Element Is Visible" library="SeleniumLibrary">
<arg>${xpath}</arg>
<doc>Waits until the element ``locator`` is visible.</doc>
<status status="PASS" starttime="20240417 17:02:19.107" endtime="20240417 17:02:19.566"/>
</kw>
<kw name="Click Element" library="SeleniumLibrary">
<arg>${xpath}</arg>
<doc>Click the element identified by ``locator``.</doc>
<msg timestamp="20240417 17:02:19.567" level="INFO">Clicking element '//span[normalize-space()='Admin']'.</msg>
<status status="PASS" starttime="20240417 17:02:19.566" endtime="20240417 17:02:20.790"/>
</kw>
<status status="PASS" starttime="20240417 17:02:19.107" endtime="20240417 17:02:20.790"/>
</kw>
<kw name="wait and click fro element" library="globalkeyword">
<arg>//button[normalize-space()='Add']</arg>
<kw name="Wait Until Element Is Visible" library="SeleniumLibrary">
<arg>${xpath}</arg>
<doc>Waits until the element ``locator`` is visible.</doc>
<status status="PASS" starttime="20240417 17:02:20.790" endtime="20240417 17:02:21.252"/>
</kw>
<kw name="Click Element" library="SeleniumLibrary">
<arg>${xpath}</arg>
<doc>Click the element identified by ``locator``.</doc>
<msg timestamp="20240417 17:02:21.253" level="INFO">Clicking element '//button[normalize-space()='Add']'.</msg>
<status status="PASS" starttime="20240417 17:02:21.252" endtime="20240417 17:02:21.692"/>
</kw>
<status status="PASS" starttime="20240417 17:02:20.790" endtime="20240417 17:02:21.692"/>
</kw>
<kw name="Sleep" library="BuiltIn">
<arg>2s</arg>
<doc>Pauses the test executed for the given time.</doc>
<msg timestamp="20240417 17:02:23.703" level="INFO">Slept 2 seconds</msg>
<status status="PASS" starttime="20240417 17:02:21.692" endtime="20240417 17:02:23.703"/>
</kw>
<kw name="wait and click fro element" library="globalkeyword">
<arg>//div[@class='oxd-select-text-input']</arg>
<kw name="Wait Until Element Is Visible" library="SeleniumLibrary">
<arg>${xpath}</arg>
<doc>Waits until the element ``locator`` is visible.</doc>
<status status="PASS" starttime="20240417 17:02:23.704" endtime="20240417 17:02:23.725"/>
</kw>
<kw name="Click Element" library="SeleniumLibrary">
<arg>${xpath}</arg>
<doc>Click the element identified by ``locator``.</doc>
<msg timestamp="20240417 17:02:23.726" level="INFO">Clicking element '//div[@class='oxd-select-text-input']'.</msg>
<status status="PASS" starttime="20240417 17:02:23.726" endtime="20240417 17:02:23.757"/>
</kw>
<status status="PASS" starttime="20240417 17:02:23.703" endtime="20240417 17:02:23.757"/>
</kw>
<kw name="Press Keys" library="SeleniumLibrary">
<arg>NONE</arg>
<arg>ARROW_DOWN</arg>
<doc>Simulates the user pressing key(s) to an element or on the active browser.</doc>
<msg timestamp="20240417 17:02:23.758" level="INFO">Sending key(s) ('ARROW_DOWN',) to page.</msg>
<msg timestamp="20240417 17:02:23.758" level="INFO">Pressing special key ARROW_DOWN to browser.</msg>
<msg timestamp="20240417 17:02:23.758" level="INFO">Releasing special key ARROW_DOWN.</msg>
<status status="PASS" starttime="20240417 17:02:23.758" endtime="20240417 17:02:23.765"/>
</kw>
<kw name="Press Keys" library="SeleniumLibrary">
<arg>NONE</arg>
<arg>ENTER</arg>
<doc>Simulates the user pressing key(s) to an element or on the active browser.</doc>
<msg timestamp="20240417 17:02:23.766" level="INFO">Sending key(s) ('ENTER',) to page.</msg>
<msg timestamp="20240417 17:02:23.767" level="INFO">Pressing special key ENTER to browser.</msg>
<msg timestamp="20240417 17:02:23.767" level="INFO">Releasing special key ENTER.</msg>
<status status="PASS" starttime="20240417 17:02:23.766" endtime="20240417 17:02:23.772"/>
</kw>
<kw name="Sleep" library="BuiltIn">
<arg>3s</arg>
<doc>Pauses the test executed for the given time.</doc>
<msg timestamp="20240417 17:02:26.787" level="INFO">Slept 3 seconds</msg>
<status status="PASS" starttime="20240417 17:02:23.772" endtime="20240417 17:02:26.787"/>
</kw>
<kw name="Input Text" library="SeleniumLibrary">
<arg>//input[@placeholder='Type for hints...']</arg>
<arg>A</arg>
<doc>Types the given ``text`` into the text field identified by ``locator``.</doc>
<msg timestamp="20240417 17:02:26.789" level="INFO">Typing text 'A' into text field '//input[@placeholder='Type for hints...']'.</msg>
<status status="PASS" starttime="20240417 17:02:26.787" endtime="20240417 17:02:26.869"/>
</kw>
<kw name="Sleep" library="BuiltIn">
<arg>3s</arg>
<doc>Pauses the test executed for the given time.</doc>
<msg timestamp="20240417 17:02:29.873" level="INFO">Slept 3 seconds</msg>
<status status="PASS" starttime="20240417 17:02:26.869" endtime="20240417 17:02:29.873"/>
</kw>
<kw name="Press Keys" library="SeleniumLibrary">
<arg>NONE</arg>
<arg>ARROW_DOWN</arg>
<doc>Simulates the user pressing key(s) to an element or on the active browser.</doc>
<msg timestamp="20240417 17:02:29.874" level="INFO">Sending key(s) ('ARROW_DOWN',) to page.</msg>
<msg timestamp="20240417 17:02:29.874" level="INFO">Pressing special key ARROW_DOWN to browser.</msg>
<msg timestamp="20240417 17:02:29.874" level="INFO">Releasing special key ARROW_DOWN.</msg>
<status status="PASS" starttime="20240417 17:02:29.873" endtime="20240417 17:02:29.880"/>
</kw>
<kw name="Press Keys" library="SeleniumLibrary">
<arg>NONE</arg>
<arg>ENTER</arg>
<doc>Simulates the user pressing key(s) to an element or on the active browser.</doc>
<msg timestamp="20240417 17:02:29.881" level="INFO">Sending key(s) ('ENTER',) to page.</msg>
<msg timestamp="20240417 17:02:29.881" level="INFO">Pressing special key ENTER to browser.</msg>
<msg timestamp="20240417 17:02:29.881" level="INFO">Releasing special key ENTER.</msg>
<status status="PASS" starttime="20240417 17:02:29.880" endtime="20240417 17:02:29.887"/>
</kw>
<kw name="wait and click fro element" library="globalkeyword">
<arg>//body[1]/div[1]/div[1]/div[2]/div[2]/div[1]/div[1]/form[1]/div[1]/div[1]/div[3]/div[1]/div[2]/div[1]/div[1]/div[2]/i[1]</arg>
<kw name="Wait Until Element Is Visible" library="SeleniumLibrary">
<arg>${xpath}</arg>
<doc>Waits until the element ``locator`` is visible.</doc>
<status status="PASS" starttime="20240417 17:02:29.888" endtime="20240417 17:02:29.906"/>
</kw>
<kw name="Click Element" library="SeleniumLibrary">
<arg>${xpath}</arg>
<doc>Click the element identified by ``locator``.</doc>
<msg timestamp="20240417 17:02:29.907" level="INFO">Clicking element '//body[1]/div[1]/div[1]/div[2]/div[2]/div[1]/div[1]/form[1]/div[1]/div[1]/div[3]/div[1]/div[2]/div[1]/div[1]/div[2]/i[1]'.</msg>
<status status="PASS" starttime="20240417 17:02:29.906" endtime="20240417 17:02:29.939"/>
</kw>
<status status="PASS" starttime="20240417 17:02:29.887" endtime="20240417 17:02:29.939"/>
</kw>
<kw name="Press Keys" library="SeleniumLibrary">
<arg>NONE</arg>
<arg>ARROW_DOWN</arg>
<doc>Simulates the user pressing key(s) to an element or on the active browser.</doc>
<msg timestamp="20240417 17:02:29.940" level="INFO">Sending key(s) ('ARROW_DOWN',) to page.</msg>
<msg timestamp="20240417 17:02:29.940" level="INFO">Pressing special key ARROW_DOWN to browser.</msg>
<msg timestamp="20240417 17:02:29.940" level="INFO">Releasing special key ARROW_DOWN.</msg>
<status status="PASS" starttime="20240417 17:02:29.939" endtime="20240417 17:02:29.947"/>
</kw>
<kw name="Press Keys" library="SeleniumLibrary">
<arg>NONE</arg>
<arg>ENTER</arg>
<doc>Simulates the user pressing key(s) to an element or on the active browser.</doc>
<msg timestamp="20240417 17:02:29.947" level="INFO">Sending key(s) ('ENTER',) to page.</msg>
<msg timestamp="20240417 17:02:29.947" level="INFO">Pressing special key ENTER to browser.</msg>
<msg timestamp="20240417 17:02:29.947" level="INFO">Releasing special key ENTER.</msg>
<status status="PASS" starttime="20240417 17:02:29.947" endtime="20240417 17:02:29.953"/>
</kw>
<kw name="wait and click fro element" library="globalkeyword">
<arg>//body[1]/div[1]/div[1]/div[2]/div[2]/div[1]/div[1]/form[1]/div[1]/div[1]/div[4]/div[1]/div[2]/input[1]</arg>
<kw name="Wait Until Element Is Visible" library="SeleniumLibrary">
<arg>${xpath}</arg>
<doc>Waits until the element ``locator`` is visible.</doc>
<status status="PASS" starttime="20240417 17:02:29.953" endtime="20240417 17:02:29.970"/>
</kw>
<kw name="Click Element" library="SeleniumLibrary">
<arg>${xpath}</arg>
<doc>Click the element identified by ``locator``.</doc>
<msg timestamp="20240417 17:02:29.970" level="INFO">Clicking element '//body[1]/div[1]/div[1]/div[2]/div[2]/div[1]/div[1]/form[1]/div[1]/div[1]/div[4]/div[1]/div[2]/input[1]'.</msg>
<status status="PASS" starttime="20240417 17:02:29.970" endtime="20240417 17:02:30.005"/>
</kw>
<status status="PASS" starttime="20240417 17:02:29.953" endtime="20240417 17:02:30.006"/>
</kw>
<kw name="Input Text" library="SeleniumLibrary">
<arg>//body[1]/div[1]/div[1]/div[2]/div[2]/div[1]/div[1]/form[1]/div[1]/div[1]/div[4]/div[1]/div[2]/input[1]</arg>
<arg>${random}</arg>
<doc>Types the given ``text`` into the text field identified by ``locator``.</doc>
<msg timestamp="20240417 17:02:30.006" level="INFO">Typing text 'uOsRe' into text field '//body[1]/div[1]/div[1]/div[2]/div[2]/div[1]/div[1]/form[1]/div[1]/div[1]/div[4]/div[1]/div[2]/input[1]'.</msg>
<status status="PASS" starttime="20240417 17:02:30.006" endtime="20240417 17:02:30.049"/>
</kw>
<kw name="Input Text" library="SeleniumLibrary">
<arg>//body[1]/div[1]/div[1]/div[2]/div[2]/div[1]/div[1]/form[1]/div[2]/div[1]/div[1]/div[1]/div[2]/input[1]</arg>
<arg>ibad1234</arg>
<doc>Types the given ``text`` into the text field identified by ``locator``.</doc>
<msg timestamp="20240417 17:02:30.049" level="INFO">Typing text 'ibad1234' into text field '//body[1]/div[1]/div[1]/div[2]/div[2]/div[1]/div[1]/form[1]/div[2]/div[1]/div[1]/div[1]/div[2]/input[1]'.</msg>
<status status="PASS" starttime="20240417 17:02:30.049" endtime="20240417 17:02:30.129"/>
</kw>
<kw name="Input Text" library="SeleniumLibrary">
<arg>//body[1]/div[1]/div[1]/div[2]/div[2]/div[1]/div[1]/form[1]/div[2]/div[1]/div[2]/div[1]/div[2]/input[1]</arg>
<arg>ibad1234</arg>
<doc>Types the given ``text`` into the text field identified by ``locator``.</doc>
<msg timestamp="20240417 17:02:30.130" level="INFO">Typing text 'ibad1234' into text field '//body[1]/div[1]/div[1]/div[2]/div[2]/div[1]/div[1]/form[1]/div[2]/div[1]/div[2]/div[1]/div[2]/input[1]'.</msg>
<status status="PASS" starttime="20240417 17:02:30.129" endtime="20240417 17:02:30.224"/>
</kw>
<kw name="wait and click fro element" library="globalkeyword">
<arg>//button[normalize-space()='Save']</arg>
<kw name="Wait Until Element Is Visible" library="SeleniumLibrary">
<arg>${xpath}</arg>
<doc>Waits until the element ``locator`` is visible.</doc>
<status status="PASS" starttime="20240417 17:02:30.225" endtime="20240417 17:02:30.251"/>
</kw>
<kw name="Click Element" library="SeleniumLibrary">
<arg>${xpath}</arg>
<doc>Click the element identified by ``locator``.</doc>
<msg timestamp="20240417 17:02:30.252" level="INFO">Clicking element '//button[normalize-space()='Save']'.</msg>
<status status="PASS" starttime="20240417 17:02:30.251" endtime="20240417 17:02:30.295"/>
</kw>
<status status="PASS" starttime="20240417 17:02:30.224" endtime="20240417 17:02:30.295"/>
</kw>
<kw name="Sleep" library="BuiltIn">
<arg>5s</arg>
<doc>Pauses the test executed for the given time.</doc>
<msg timestamp="20240417 17:02:35.311" level="INFO">Slept 5 seconds</msg>
<status status="PASS" starttime="20240417 17:02:30.296" endtime="20240417 17:02:35.311"/>
</kw>
<status status="PASS" starttime="20240417 17:02:19.106" endtime="20240417 17:02:35.312"/>
</kw>
<kw name="Validate user added Sucessfully" library="admin_keyword">
<arg>${random}</arg>
<kw name="Sleep" library="BuiltIn">
<arg>5s</arg>
<doc>Pauses the test executed for the given time.</doc>
<msg timestamp="20240417 17:02:40.328" level="INFO">Slept 5 seconds</msg>
<status status="PASS" starttime="20240417 17:02:35.315" endtime="20240417 17:02:40.328"/>
</kw>
<kw name="wait and click fro element" library="globalkeyword">
<arg>//span[normalize-space()='Admin']</arg>
<kw name="Wait Until Element Is Visible" library="SeleniumLibrary">
<arg>${xpath}</arg>
<doc>Waits until the element ``locator`` is visible.</doc>
<status status="PASS" starttime="20240417 17:02:40.329" endtime="20240417 17:02:40.348"/>
</kw>
<kw name="Click Element" library="SeleniumLibrary">
<arg>${xpath}</arg>
<doc>Click the element identified by ``locator``.</doc>
<msg timestamp="20240417 17:02:40.348" level="INFO">Clicking element '//span[normalize-space()='Admin']'.</msg>
<status status="PASS" starttime="20240417 17:02:40.348" endtime="20240417 17:02:41.082"/>
</kw>
<status status="PASS" starttime="20240417 17:02:40.328" endtime="20240417 17:02:41.082"/>
</kw>
<kw name="wait and click fro element" library="globalkeyword">
<arg>//body[1]/div[1]/div[1]/div[2]/div[2]/div[1]/div[1]/div[2]/form[1]/div[1]/div[1]/div[1]/div[1]/div[2]/input[1]</arg>
<kw name="Wait Until Element Is Visible" library="SeleniumLibrary">
<arg>${xpath}</arg>
<doc>Waits until the element ``locator`` is visible.</doc>
<status status="PASS" starttime="20240417 17:02:41.082" endtime="20240417 17:02:41.544"/>
</kw>
<kw name="Click Element" library="SeleniumLibrary">
<arg>${xpath}</arg>
<doc>Click the element identified by ``locator``.</doc>
<msg timestamp="20240417 17:02:41.545" level="INFO">Clicking element '//body[1]/div[1]/div[1]/div[2]/div[2]/div[1]/div[1]/div[2]/form[1]/div[1]/div[1]/div[1]/div[1]/div[2]/input[1]'.</msg>
<status status="PASS" starttime="20240417 17:02:41.544" endtime="20240417 17:02:41.600"/>
</kw>
<status status="PASS" starttime="20240417 17:02:41.082" endtime="20240417 17:02:41.600"/>
</kw>
<kw name="Input Text" library="SeleniumLibrary">
<arg>//body[1]/div[1]/div[1]/div[2]/div[2]/div[1]/div[1]/div[2]/form[1]/div[1]/div[1]/div[1]/div[1]/div[2]/input[1]</arg>
<arg>${user}</arg>
<doc>Types the given ``text`` into the text field identified by ``locator``.</doc>
<msg timestamp="20240417 17:02:41.602" level="INFO">Typing text 'uOsRe' into text field '//body[1]/div[1]/div[1]/div[2]/div[2]/div[1]/div[1]/div[2]/form[1]/div[1]/div[1]/div[1]/div[1]/div[2]/input[1]'.</msg>
<status status="PASS" starttime="20240417 17:02:41.601" endtime="20240417 17:02:41.680"/>
</kw>
<kw name="wait and click fro element" library="globalkeyword">
<arg>//button[normalize-space()='Search']</arg>
<kw name="Wait Until Element Is Visible" library="SeleniumLibrary">
<arg>${xpath}</arg>
<doc>Waits until the element ``locator`` is visible.</doc>
<status status="PASS" starttime="20240417 17:02:41.680" endtime="20240417 17:02:41.705"/>
</kw>
<kw name="Click Element" library="SeleniumLibrary">
<arg>${xpath}</arg>
<doc>Click the element identified by ``locator``.</doc>
<msg timestamp="20240417 17:02:41.706" level="INFO">Clicking element '//button[normalize-space()='Search']'.</msg>
<status status="PASS" starttime="20240417 17:02:41.705" endtime="20240417 17:02:41.753"/>
</kw>
<status status="PASS" starttime="20240417 17:02:41.680" endtime="20240417 17:02:41.753"/>
</kw>
<kw name="Sleep" library="BuiltIn">
<arg>5s</arg>
<doc>Pauses the test executed for the given time.</doc>
<msg timestamp="20240417 17:02:46.760" level="INFO">Slept 5 seconds</msg>
<status status="PASS" starttime="20240417 17:02:41.753" endtime="20240417 17:02:46.760"/>
</kw>
<kw name="Get Text" library="SeleniumLibrary">
<var>${value}</var>
<arg>//div[contains(text(),'${user}')]</arg>
<doc>Returns the text value of the element identified by ``locator``.</doc>
<msg timestamp="20240417 17:02:46.801" level="INFO">${value} = uOsRe</msg>
<status status="PASS" starttime="20240417 17:02:46.760" endtime="20240417 17:02:46.801"/>
</kw>
<kw name="Should Be Equal" library="BuiltIn">
<arg>${value}</arg>
<arg>${random}</arg>
<doc>Fails if the given objects are unequal.</doc>
<status status="PASS" starttime="20240417 17:02:46.801" endtime="20240417 17:02:46.801"/>
</kw>
<status status="PASS" starttime="20240417 17:02:35.312" endtime="20240417 17:02:46.801"/>
</kw>
<tag>admin</tag>
<status status="PASS" starttime="20240417 17:02:12.978" endtime="20240417 17:02:46.801"/>
</test>
<status status="PASS" starttime="20240417 17:02:12.794" endtime="20240417 17:02:46.802"/>
</suite>
<status status="PASS" starttime="20240417 17:02:12.773" endtime="20240417 17:02:46.804"/>
</suite>
<statistics>
<total>
<stat pass="1" fail="0" skip="0">All Tests</stat>
</total>
<tag>
<stat pass="1" fail="0" skip="0">admin</stat>
</tag>
<suite>
<stat pass="1" fail="0" skip="0" id="s1" name="Tests">Tests</stat>
<stat pass="1" fail="0" skip="0" id="s1-s1" name="Admin">Tests.Admin</stat>
</suite>
</statistics>
<errors>
<msg timestamp="20240417 17:02:12.801" level="ERROR">Error in file 'C:\Users\SyedIbadUrRehman\Desktop\hrm\hrm\tests\admin.robot' on line 5: Setting 'Test Setup' is not allowed in resource file.</msg>
<msg timestamp="20240417 17:02:12.801" level="ERROR">Error in file 'C:\Users\SyedIbadUrRehman\Desktop\hrm\hrm\init.robot' on line 4: Error in file 'C:\Users\SyedIbadUrRehman\Desktop\hrm\hrm\tests\admin.robot' on line 7: Resource file with 'Test Cases' section is invalid.</msg>
</errors>
</robot>
